  Button.cpp
C:\Users\Admin\source\repos\2ND\CS202-CrossRoad-Game\ConsoleApplication1\ConsoleApplication1\Button.cpp(9,26): warning C4244: '=': conversion from 'T' to 'int', possible loss of data
          with
          [
              T=float
          ]
C:\Users\Admin\source\repos\2ND\CS202-CrossRoad-Game\ConsoleApplication1\ConsoleApplication1\Button.cpp(10,27): warning C4244: '=': conversion from 'T' to 'int', possible loss of data
          with
          [
              T=float
          ]
C:\Users\Admin\source\repos\2ND\CS202-CrossRoad-Game\ConsoleApplication1\ConsoleApplication1\Button.cpp(37,16): warning C4244: 'initializing': conversion from 'double' to 'float', possible loss of data
C:\Users\Admin\source\repos\2ND\CS202-CrossRoad-Game\ConsoleApplication1\ConsoleApplication1\Button.cpp(38,16): warning C4244: 'initializing': conversion from 'double' to 'float', possible loss of data
C:\Users\Admin\source\repos\2ND\CS202-CrossRoad-Game\ConsoleApplication1\ConsoleApplication1\Button.cpp(45,16): warning C4244: 'initializing': conversion from 'double' to 'float', possible loss of data
C:\Users\Admin\source\repos\2ND\CS202-CrossRoad-Game\ConsoleApplication1\ConsoleApplication1\Button.cpp(46,16): warning C4244: 'initializing': conversion from 'double' to 'float', possible loss of data
C:\Users\Admin\source\repos\2ND\CS202-CrossRoad-Game\ConsoleApplication1\ConsoleApplication1\Button.cpp(82,17): warning C4244: 'initializing': conversion from 'const T' to 'int', possible loss of data
          with
          [
              T=float
          ]
C:\Users\Admin\source\repos\2ND\CS202-CrossRoad-Game\ConsoleApplication1\ConsoleApplication1\Button.cpp(83,17): warning C4244: 'initializing': conversion from 'const T' to 'int', possible loss of data
          with
          [
              T=float
          ]
C:\Users\Admin\source\repos\2ND\CS202-CrossRoad-Game\ConsoleApplication1\ConsoleApplication1\Button.cpp(85,22): warning C4244: 'initializing': conversion from 'T' to 'int', possible loss of data
          with
          [
              T=float
          ]
C:\Users\Admin\source\repos\2ND\CS202-CrossRoad-Game\ConsoleApplication1\ConsoleApplication1\Button.cpp(86,23): warning C4244: 'initializing': conversion from 'T' to 'int', possible loss of data
          with
          [
              T=float
          ]
C:\Users\Admin\source\repos\2ND\CS202-CrossRoad-Game\ConsoleApplication1\ConsoleApplication1\Button.cpp(118,32): warning C4244: '=': conversion from 'const T' to 'int', possible loss of data
          with
          [
              T=float
          ]
C:\Users\Admin\source\repos\2ND\CS202-CrossRoad-Game\ConsoleApplication1\ConsoleApplication1\Button.cpp(119,33): warning C4244: '=': conversion from 'const T' to 'int', possible loss of data
          with
          [
              T=float
          ]
C:\Users\Admin\source\repos\2ND\CS202-CrossRoad-Game\ConsoleApplication1\ConsoleApplication1\Button.cpp(136,49): warning C4244: '=': conversion from 'float' to 'T', possible loss of data
          with
          [
              T=int
          ]
  main.cpp
  Generating Code...
  ConsoleApplication1.vcxproj -> C:\Users\Admin\source\repos\2ND\CS202-CrossRoad-Game\ConsoleApplication1\x64\Debug\ConsoleApplication1.exe
